<?xml version="1.0" encoding="UTF-8"?>
<!-- Generated by org.testng.reporters.JUnitReportReporter -->
<testsuite hostname="PaviLion-Maha" failures="0" tests="1" name="driverFactory.AppTest" time="23.070" errors="0" timestamp="2024-03-12T10:15:51 IST" skipped="0">
  <testcase classname="driverFactory.AppTest" name="kickStart" time="23.070">
    <system-out>
      <![CDATA[Customer-00000003261     Customer-00000003083]]>
    </system-out>
  </testcase> <!-- kickStart -->
  <system-out>
    <![CDATA[Customer-00000003261     Customer-00000003083]]>
  </system-out>
</testsuite> <!-- driverFactory.AppTest -->
